TN:
SF:src/App.vue
FN:1,(anonymous_0)
FNF:1
FNH:0
FNDA:0,(anonymous_0)
DA:1,0
LF:1
LH:0
BRF:0
BRH:0
end_of_record
TN:
SF:src/dialog.js
FN:11,(anonymous_0)
FN:11,(anonymous_1)
FN:13,(anonymous_2)
FN:19,(anonymous_3)
FN:25,(anonymous_4)
FN:28,(anonymous_5)
FN:32,(anonymous_6)
FNF:7
FNH:0
FNDA:0,(anonymous_0)
FNDA:0,(anonymous_1)
FNDA:0,(anonymous_2)
FNDA:0,(anonymous_3)
FNDA:0,(anonymous_4)
FNDA:0,(anonymous_5)
FNDA:0,(anonymous_6)
DA:5,0
DA:11,0
DA:13,0
DA:14,0
DA:15,0
DA:16,0
DA:19,0
DA:20,0
DA:24,0
DA:26,0
DA:29,0
DA:30,0
DA:33,0
DA:34,0
DA:35,0
LF:15
LH:0
BRF:0
BRH:0
end_of_record
TN:
SF:src/main.js
FN:13,(anonymous_0)
FNF:1
FNH:0
FNDA:0,(anonymous_0)
DA:8,0
DA:9,0
DA:10,0
DA:11,0
DA:13,0
LF:5
LH:0
BRF:0
BRH:0
end_of_record
TN:
SF:src/components/TheAlert.vue
FN:1,(anonymous_0)
FNF:1
FNH:0
FNDA:0,(anonymous_0)
DA:1,0
DA:6,0
LF:2
LH:0
BRF:0
BRH:0
end_of_record
TN:
SF:src/components/TheLoader.vue
FN:1,(anonymous_0)
FNF:1
FNH:0
FNDA:0,(anonymous_0)
DA:1,0
DA:4,0
LF:2
LH:0
BRF:0
BRH:0
end_of_record
TN:
SF:src/components/TheNavigation.vue
FN:1,(anonymous_0)
FNF:1
FNH:0
FNDA:0,(anonymous_0)
DA:1,0
LF:1
LH:0
BRDA:1,0,0,0
BRDA:1,0,1,0
BRF:2
BRH:0
end_of_record
TN:
SF:src/components/ThePagination.vue
FN:1,(anonymous_0)
FNF:1
FNH:0
FNDA:0,(anonymous_0)
DA:1,0
LF:1
LH:0
BRDA:1,0,0,0
BRDA:1,0,1,0
BRF:2
BRH:0
end_of_record
TN:
SF:src/components/ThePrompt.vue
FN:1,(anonymous_0)
FNF:1
FNH:0
FNDA:0,(anonymous_0)
DA:1,0
DA:14,0
LF:2
LH:0
BRF:0
BRH:0
end_of_record
TN:
SF:src/router/index.js
FN:16,(anonymous_0)
FNF:1
FNH:0
FNDA:0,(anonymous_0)
DA:5,0
DA:7,0
DA:16,0
DA:20,0
LF:4
LH:0
BRF:0
BRH:0
end_of_record
TN:
SF:src/views/CreateTask.vue
FN:1,(anonymous_0)
FNF:1
FNH:0
FNDA:0,(anonymous_0)
DA:1,0
LF:1
LH:0
BRDA:1,0,0,0
BRF:1
BRH:0
end_of_record
TN:
SF:src/views/HomeView.vue
FN:1,(anonymous_0)
FNF:1
FNH:0
FNDA:0,(anonymous_0)
DA:1,0
LF:1
LH:0
BRDA:1,0,0,0
BRDA:1,0,1,0
BRF:2
BRH:0
end_of_record
TN:
SF:src/views/TodoForm.vue
FN:1,(anonymous_0)
FNF:1
FNH:0
FNDA:0,(anonymous_0)
DA:1,0
LF:1
LH:0
BRDA:1,0,0,0
BRDA:1,0,1,0
BRDA:1,1,0,0
BRF:3
BRH:0
end_of_record
